\BOOKMARK [0][-]{chapter.1}{Introdu\347\343o}{}% 1
\BOOKMARK [0][-]{chapter.2}{Metodologia}{}% 2
\BOOKMARK [1][-]{section.2.1}{Cliente}{chapter.2}% 3
\BOOKMARK [2][-]{subsection.2.1.1}{Fun\347\343o main}{section.2.1}% 4
\BOOKMARK [2][-]{subsection.2.1.2}{Fun\347\343o run\137client}{section.2.1}% 5
\BOOKMARK [2][-]{subsection.2.1.3}{Fun\347\343o validate\137response}{section.2.1}% 6
\BOOKMARK [2][-]{subsection.2.1.4}{Fun\347\343o quit\137operation}{section.2.1}% 7
\BOOKMARK [1][-]{section.2.2}{Servidor}{chapter.2}% 8
\BOOKMARK [2][-]{subsection.2.2.1}{Fun\347\343o main}{section.2.2}% 9
\BOOKMARK [2][-]{subsection.2.2.2}{Fun\347\343o find\137client\137id}{section.2.2}% 10
\BOOKMARK [2][-]{subsection.2.2.3}{Fun\347\343o encrypt\137intvalue}{section.2.2}% 11
\BOOKMARK [2][-]{subsection.2.2.4}{Fun\347\343o decrypt\137intvalue}{section.2.2}% 12
\BOOKMARK [2][-]{subsection.2.2.5}{Fun\347\343o new\137msg}{section.2.2}% 13
\BOOKMARK [2][-]{subsection.2.2.6}{Fun\347\343o new\137client}{section.2.2}% 14
\BOOKMARK [2][-]{subsection.2.2.7}{Fun\347\343o clean\137client}{section.2.2}% 15
\BOOKMARK [2][-]{subsection.2.2.8}{Fun\347\343o quit\137client}{section.2.2}% 16
\BOOKMARK [2][-]{subsection.2.2.9}{Fun\347\343o create\137file}{section.2.2}% 17
\BOOKMARK [2][-]{subsection.2.2.10}{Fun\347\343o update\137file}{section.2.2}% 18
\BOOKMARK [2][-]{subsection.2.2.11}{Fun\347\343o guess\137client}{section.2.2}% 19
\BOOKMARK [2][-]{subsection.2.2.12}{Fun\347\343o stop\137client}{section.2.2}% 20
\BOOKMARK [1][-]{section.2.3}{Git}{chapter.2}% 21
\BOOKMARK [1][-]{section.2.4}{Code UA}{chapter.2}% 22
\BOOKMARK [1][-]{section.2.5}{Git}{chapter.2}% 23
\BOOKMARK [1][-]{section.2.6}{Code UA}{chapter.2}% 24
\BOOKMARK [0][-]{chapter.3}{Resultados}{}% 25
\BOOKMARK [0][-]{chapter.4}{An\341lise}{}% 26
\BOOKMARK [1][-]{section.4.1}{Wireshark}{chapter.4}% 27
\BOOKMARK [2][-]{subsection.4.1.1}{Sem encripta\347\343o}{section.4.1}% 28
\BOOKMARK [2][-]{subsection.4.1.2}{Com encripta\347\343o}{section.4.1}% 29
\BOOKMARK [0][-]{chapter.5}{Conclus\365es}{}% 30
